Xilinx Platform Studio (XPS)
Xilinx EDK 14.2 Build EDK_P.28xd
Copyright (c) 1995-2012 Xilinx, Inc.  All rights reserved.

Generated Block Diagram.
Rasterizing system.jpg .....
SVG Rasterization successful
Writing filter settings....
Done writing filter settings to:
	C:\Users\C15Kevin.Cooper\Desktop\Documents\ECE383\final_project_2\etc\system.filters
Done writing Tab View settings to:
	C:\Users\C15Kevin.Cooper\Desktop\Documents\ECE383\final_project_2\etc\system.gui
Xilinx Platform Studio (XPS)
Xilinx EDK 14.2 Build EDK_P.28xd
Copyright (c) 1995-2012 Xilinx, Inc.  All rights reserved.

Writing filter settings....
Done writing filter settings to:
	C:\Users\C15Kevin.Cooper\Desktop\Documents\ECE383\final_project_2\etc\system.filters
Done writing Tab View settings to:
	C:\Users\C15Kevin.Cooper\Desktop\Documents\ECE383\final_project_2\etc\system.gui
Xilinx Platform Studio (XPS)
Xilinx EDK 14.2 Build EDK_P.28xd
Copyright (c) 1995-2012 Xilinx, Inc.  All rights reserved.

Writing filter settings....
Done writing filter settings to:
	C:\Users\C15Kevin.Cooper\Desktop\Documents\ECE383\final_project_2\etc\system.filters
Done writing Tab View settings to:
	C:\Users\C15Kevin.Cooper\Desktop\Documents\ECE383\final_project_2\etc\system.gui
Xilinx Platform Studio (XPS)
Xilinx EDK 14.2 Build EDK_P.28xd
Copyright (c) 1995-2012 Xilinx, Inc.  All rights reserved.


Checking platform configuration ...
IPNAME: lmb_v10, INSTANCE: microblaze_0_ilmb - 1 master(s) : 1 slave(s) 
IPNAME: lmb_v10, INSTANCE: microblaze_0_dlmb - 1 master(s) : 1 slave(s) 
IPNAME: axi_interconnect, INSTANCE: axi4lite_0 - 1 master(s) : 6 slave(s) 
IPNAME: axi_interconnect, INSTANCE: axi4_0 - 2 master(s) : 1 slave(s) 

Checking port drivers...

Performing Clock DRCs...

Performing Reset DRCs...

Overriding system level properties...
INFO:EDK:4130 - IPNAME: axi_intc, INSTANCE:microblaze_0_intc - tcl is overriding PARAMETER C_KIND_OF_INTR value to 0b11111111111111111111111111111110 - C:\Xilinx\14.2\ISE_DS\EDK\hw\XilinxProcessorIPLib\pcores\axi_intc_v1_02_a\data\axi_intc_v2_1_0.mpd line 85 
INFO:EDK:4130 - IPNAME: axi_intc, INSTANCE:microblaze_0_intc - tcl is overriding PARAMETER C_KIND_OF_EDGE value to 0b11111111111111111111111111111111 - C:\Xilinx\14.2\ISE_DS\EDK\hw\XilinxProcessorIPLib\pcores\axi_intc_v1_02_a\data\axi_intc_v2_1_0.mpd line 86 
INFO:EDK:4130 - IPNAME: axi_intc, INSTANCE:microblaze_0_intc - tcl is overriding PARAMETER C_KIND_OF_LVL value to 0b11111111111111111111111111111111 - C:\Xilinx\14.2\ISE_DS\EDK\hw\XilinxProcessorIPLib\pcores\axi_intc_v1_02_a\data\axi_intc_v2_1_0.mpd line 87 
INFO:EDK:4130 - IPNAME: lmb_bram_if_cntlr, INSTANCE:microblaze_0_i_bram_ctrl - tcl is overriding PARAMETER C_MASK value to 0x48000000 - C:\Xilinx\14.2\ISE_DS\EDK\hw\XilinxProcessorIPLib\pcores\lmb_bram_if_cntlr_v3_10_a\data\lmb_bram_if_cntlr_v2_1_0.mpd line 91 
INFO:EDK:4130 - IPNAME: lmb_bram_if_cntlr, INSTANCE:microblaze_0_d_bram_ctrl - tcl is overriding PARAMETER C_MASK value to 0x48000000 - C:\Xilinx\14.2\ISE_DS\EDK\hw\XilinxProcessorIPLib\pcores\lmb_bram_if_cntlr_v3_10_a\data\lmb_bram_if_cntlr_v2_1_0.mpd line 91 
INFO:EDK:4130 - IPNAME: microblaze, INSTANCE:microblaze_0 - tcl is overriding PARAMETER C_D_AXI value to 1 - C:\Xilinx\14.2\ISE_DS\EDK\hw\XilinxProcessorIPLib\pcores\microblaze_v8_40_a\data\microblaze_v2_1_0.mpd line 229 
INFO:EDK:4130 - IPNAME: microblaze, INSTANCE:microblaze_0 - tcl is overriding PARAMETER C_ADDR_TAG_BITS value to 14 - C:\Xilinx\14.2\ISE_DS\EDK\hw\XilinxProcessorIPLib\pcores\microblaze_v8_40_a\data\microblaze_v2_1_0.mpd line 334 
INFO:EDK:4130 - IPNAME: microblaze, INSTANCE:microblaze_0 - tcl is overriding PARAMETER C_DCACHE_ADDR_TAG value to 14 - C:\Xilinx\14.2\ISE_DS\EDK\hw\XilinxProcessorIPLib\pcores\microblaze_v8_40_a\data\microblaze_v2_1_0.mpd line 364 
INFO:EDK:4130 - IPNAME: microblaze, INSTANCE:microblaze_0 - tcl is overriding PARAMETER C_USE_INTERRUPT value to 1 - C:\Xilinx\14.2\ISE_DS\EDK\hw\XilinxProcessorIPLib\pcores\microblaze_v8_40_a\data\microblaze_v2_1_0.mpd line 398 
INFO:EDK:4130 - IPNAME: microblaze, INSTANCE:microblaze_0 - tcl is overriding PARAMETER C_USE_EXT_BRK value to 1 - C:\Xilinx\14.2\ISE_DS\EDK\hw\XilinxProcessorIPLib\pcores\microblaze_v8_40_a\data\microblaze_v2_1_0.mpd line 399 
INFO:EDK:4130 - IPNAME: microblaze, INSTANCE:microblaze_0 - tcl is overriding PARAMETER C_USE_EXT_NM_BRK value to 1 - C:\Xilinx\14.2\ISE_DS\EDK\hw\XilinxProcessorIPLib\pcores\microblaze_v8_40_a\data\microblaze_v2_1_0.mpd line 400 

INFO: Setting C_RANGE_CHECK = ON for axi_interconnect axi4lite_0.
INFO:EDK:4130 - IPNAME: axi_interconnect, INSTANCE:axi4lite_0 - tcl is overriding PARAMETER C_RANGE_CHECK value to 1 - C:\Xilinx\14.2\ISE_DS\EDK\hw\XilinxProcessorIPLib\pcores\axi_interconnect_v1_06_a\data\axi_interconnect_v2_1_0.mpd line 148 

INFO: Setting C_RANGE_CHECK = OFF for axi_interconnect axi4_0; no DECERR checking will be performed.
INFO:EDK:4130 - IPNAME: axi_interconnect, INSTANCE:axi4_0 - tcl is overriding PARAMETER C_RANGE_CHECK value to 0 - C:\Xilinx\14.2\ISE_DS\EDK\hw\XilinxProcessorIPLib\pcores\axi_interconnect_v1_06_a\data\axi_interconnect_v2_1_0.mpd line 148 
INFO:EDK:4130 - IPNAME: axi_s6_ddrx, INSTANCE:MCB_DDR2 - tcl is overriding PARAMETER C_MEMCLK_PERIOD value to 3333 - C:\Xilinx\14.2\ISE_DS\EDK\hw\XilinxProcessorIPLib\pcores\axi_s6_ddrx_v1_06_a\data\axi_s6_ddrx_v2_1_0.mpd line 120 
INFO:EDK:4130 - IPNAME: axi_s6_ddrx, INSTANCE:MCB_DDR2 - tcl is overriding PARAMETER C_S1_AXI_REG_EN0 value to 0x0000F - C:\Xilinx\14.2\ISE_DS\EDK\hw\XilinxProcessorIPLib\pcores\axi_s6_ddrx_v1_06_a\data\axi_s6_ddrx_v2_1_0.mpd line 175 
INFO:EDK:4130 - IPNAME: axi_s6_ddrx, INSTANCE:MCB_DDR2 - tcl is overriding PARAMETER C_S2_AXI_REG_EN0 value to 0x0000F - C:\Xilinx\14.2\ISE_DS\EDK\hw\XilinxProcessorIPLib\pcores\axi_s6_ddrx_v1_06_a\data\axi_s6_ddrx_v2_1_0.mpd line 189 
INFO:EDK:4130 - IPNAME: axi_s6_ddrx, INSTANCE:MCB_DDR2 - tcl is overriding PARAMETER C_S3_AXI_REG_EN0 value to 0x0000F - C:\Xilinx\14.2\ISE_DS\EDK\hw\XilinxProcessorIPLib\pcores\axi_s6_ddrx_v1_06_a\data\axi_s6_ddrx_v2_1_0.mpd line 203 
INFO:EDK:4130 - IPNAME: axi_s6_ddrx, INSTANCE:MCB_DDR2 - tcl is overriding PARAMETER C_S4_AXI_REG_EN0 value to 0x0000F - C:\Xilinx\14.2\ISE_DS\EDK\hw\XilinxProcessorIPLib\pcores\axi_s6_ddrx_v1_06_a\data\axi_s6_ddrx_v2_1_0.mpd line 217 
INFO:EDK:4130 - IPNAME: axi_s6_ddrx, INSTANCE:MCB_DDR2 - tcl is overriding PARAMETER C_S5_AXI_REG_EN0 value to 0x0000F - C:\Xilinx\14.2\ISE_DS\EDK\hw\XilinxProcessorIPLib\pcores\axi_s6_ddrx_v1_06_a\data\axi_s6_ddrx_v2_1_0.mpd line 231 

Running system level update procedures...

Running UPDATE Tcl procedures for OPTION SYSLEVEL_UPDATE_PROC...
Invoking MIG ...
MIG returned 0

Running system level DRCs...

Performing System level DRCs on properties...

Running DRC Tcl procedures for OPTION SYSLEVEL_DRC_PROC...
INTC INFO:: Processor_clk not connected.. IRQ to Microblaze is generated on AXI clock.
Port present in Ethernet_Lite
C:\Users\C15Kevin.Cooper\Desktop\Documents\ECE383\final_project_2\synthesis\proc_sys_reset_0_wrapper_xst.srp not found
WARNING:EDK:1027 - Device utilization and timing not added for proc_sys_reset_0
C:\Users\C15Kevin.Cooper\Desktop\Documents\ECE383\final_project_2\synthesis\microblaze_0_intc_wrapper_xst.srp not found
WARNING:EDK:1027 - Device utilization and timing not added for microblaze_0_intc
C:\Users\C15Kevin.Cooper\Desktop\Documents\ECE383\final_project_2\synthesis\microblaze_0_ilmb_wrapper_xst.srp not found
WARNING:EDK:1027 - Device utilization and timing not added for microblaze_0_ilmb
C:\Users\C15Kevin.Cooper\Desktop\Documents\ECE383\final_project_2\synthesis\microblaze_0_i_bram_ctrl_wrapper_xst.srp not found
WARNING:EDK:1027 - Device utilization and timing not added for microblaze_0_i_bram_ctrl
C:\Users\C15Kevin.Cooper\Desktop\Documents\ECE383\final_project_2\synthesis\microblaze_0_dlmb_wrapper_xst.srp not found
WARNING:EDK:1027 - Device utilization and timing not added for microblaze_0_dlmb
C:\Users\C15Kevin.Cooper\Desktop\Documents\ECE383\final_project_2\synthesis\microblaze_0_d_bram_ctrl_wrapper_xst.srp not found
WARNING:EDK:1027 - Device utilization and timing not added for microblaze_0_d_bram_ctrl
C:\Users\C15Kevin.Cooper\Desktop\Documents\ECE383\final_project_2\synthesis\microblaze_0_bram_block_wrapper_xst.srp not found
WARNING:EDK:1027 - Device utilization and timing not added for microblaze_0_bram_block
C:\Users\C15Kevin.Cooper\Desktop\Documents\ECE383\final_project_2\synthesis\microblaze_0_wrapper_xst.srp not found
WARNING:EDK:1027 - Device utilization and timing not added for microblaze_0
C:\Users\C15Kevin.Cooper\Desktop\Documents\ECE383\final_project_2\synthesis\debug_module_wrapper_xst.srp not found
WARNING:EDK:1027 - Device utilization and timing not added for debug_module
C:\Users\C15Kevin.Cooper\Desktop\Documents\ECE383\final_project_2\synthesis\clock_generator_0_wrapper_xst.srp not found
WARNING:EDK:1027 - Device utilization and timing not added for clock_generator_0
C:\Users\C15Kevin.Cooper\Desktop\Documents\ECE383\final_project_2\synthesis\axi_timer_0_wrapper_xst.srp not found
WARNING:EDK:1027 - Device utilization and timing not added for axi_timer_0
C:\Users\C15Kevin.Cooper\Desktop\Documents\ECE383\final_project_2\synthesis\axi4lite_0_wrapper_xst.srp not found
WARNING:EDK:1027 - Device utilization and timing not added for axi4lite_0
C:\Users\C15Kevin.Cooper\Desktop\Documents\ECE383\final_project_2\synthesis\axi4_0_wrapper_xst.srp not found
WARNING:EDK:1027 - Device utilization and timing not added for axi4_0
C:\Users\C15Kevin.Cooper\Desktop\Documents\ECE383\final_project_2\synthesis\rs232_uart_1_wrapper_xst.srp not found
WARNING:EDK:1027 - Device utilization and timing not added for RS232_Uart_1
C:\Users\C15Kevin.Cooper\Desktop\Documents\ECE383\final_project_2\synthesis\mcb_ddr2_wrapper_xst.srp not found
WARNING:EDK:1027 - Device utilization and timing not added for MCB_DDR2
C:\Users\C15Kevin.Cooper\Desktop\Documents\ECE383\final_project_2\synthesis\ethernet_lite_wrapper_xst.srp not found
WARNING:EDK:1027 - Device utilization and timing not added for Ethernet_Lite
C:\Users\C15Kevin.Cooper\Desktop\Documents\ECE383\final_project_2\synthesis\pattern_matcher_0_wrapper_xst.srp not found
WARNING:EDK:1027 - Device utilization and timing not added for pattern_matcher_0
Generated Block Diagram.
Rasterizing proc_sys_reset_0.jpg.....
Rasterizing microblaze_0_intc.jpg.....
Rasterizing microblaze_0_ilmb.jpg.....
Rasterizing microblaze_0_i_bram_ctrl.jpg.....
Rasterizing microblaze_0_dlmb.jpg.....
Rasterizing microblaze_0_d_bram_ctrl.jpg.....
Rasterizing microblaze_0_bram_block.jpg.....
Rasterizing microblaze_0.jpg.....
Rasterizing debug_module.jpg.....
Rasterizing clock_generator_0.jpg.....
Rasterizing axi_timer_0.jpg.....
Rasterizing axi4lite_0.jpg.....
Rasterizing axi4_0.jpg.....
Rasterizing RS232_Uart_1.jpg.....
Rasterizing MCB_DDR2.jpg.....
Rasterizing Ethernet_Lite.jpg.....
Rasterizing pattern_matcher_0.jpg.....
Rasterizing system_blkd.jpg.....
Report generated.
